<?xml version="1.0" encoding="UTF-8"?>
<testsuite xmlns:xsi="http://www.w3.org/2001/XMLSchema-instance" xsi:noNamespaceSchemaLocation="https://maven.apache.org/surefire/maven-surefire-plugin/xsd/surefire-test-report-3.0.xsd" version="3.0" name="com.bank.BankAccountTest" time="0.062" tests="22" errors="0" skipped="0" failures="0">
  <properties>
[...]
</properties>
  <testcase name="testValidTransfer" classname="com.bank.BankAccountTest" time="0.018"/>
  <testcase name="testFixedDepositCreation" classname="com.bank.BankAccountTest" time="0.001"/>
  <testcase name="testWithdrawExceedBalanceThrows" classname="com.bank.BankAccountTest" time="0.002"/>
  <testcase name="testTransactionDescription" classname="com.bank.BankAccountTest" time="0.001"/>
  <testcase name="testNegativeDepositThrows" classname="com.bank.BankAccountTest" time="0.001"/>
  <testcase name="testTransactionHistoryRecorded" classname="com.bank.BankAccountTest" time="0.001"/>
  <testcase name="testTransferInsufficientFunds" classname="com.bank.BankAccountTest" time="0.001"/>
  <testcase name="testSavingsAccountCreation" classname="com.bank.BankAccountTest" time="0.001"/>
  <testcase name="testFixedDepositInterestRate" classname="com.bank.BankAccountTest" time="0.001"/>
  <testcase name="testZeroInitialDeposit" classname="com.bank.BankAccountTest" time="0.001"/>
  <testcase name="testValidWithdrawal" classname="com.bank.BankAccountTest" time="0.001"/>
  <testcase name="testZeroDepositThrows" classname="com.bank.BankAccountTest" time="0.001"/>
  <testcase name="testSavingsInterestRate" classname="com.bank.BankAccountTest" time="0.001"/>
  <testcase name="testCurrentNoInterest" classname="com.bank.BankAccountTest" time="0.001"/>
  <testcase name="testBalanceAfterMultipleOps" classname="com.bank.BankAccountTest" time="0.0"/>
  <testcase name="testTransactionTimestamp" classname="com.bank.BankAccountTest" time="0.0"/>
  <testcase name="testCurrentAccountCreation" classname="com.bank.BankAccountTest" time="0.0"/>
  <testcase name="testSavingsNoOverdraft" classname="com.bank.BankAccountTest" time="0.001"/>
  <testcase name="testCurrentAccountOverdraft" classname="com.bank.BankAccountTest" time="0.0"/>
  <testcase name="testTransferUpdatesHistory" classname="com.bank.BankAccountTest" time="0.001"/>
  <testcase name="testValidDeposit" classname="com.bank.BankAccountTest" time="0.001"/>
  <testcase name="testMultipleTransactions" classname="com.bank.BankAccountTest" time="0.001"/>
</testsuite>